<?xml version="1.0" encoding="UTF-8"?>
<testsuite name="exercicio16.LivroTest" tests="2" skipped="0" failures="0" errors="0" timestamp="2023-04-17T15:56:03" hostname="PCDEBIA" time="0.069">
  <properties/>
  <testcase name="testEmprestar()" classname="exercicio16.LivroTest" time="0.055"/>
  <testcase name="testDevolver()" classname="exercicio16.LivroTest" time="0.01"/>
  <system-out><![CDATA[Livro "O Senhor dos AnÃ©is" emprestado para JoÃ£o. Data de devolução: 2023-04-24
Livro "O Senhor dos AnÃ©is" emprestado para JoÃ£o. Data de devolução: 2023-04-24
Livro "O Senhor dos AnÃ©is" devolvido.
]]></system-out>
  <system-err><![CDATA[]]></system-err>
</testsuite>
