<?xml version="1.0" encoding="UTF-8"?>
<testsuite name="exercicio14.ConversorDoTempoEmSegundosTest" tests="5" skipped="0" failures="0" errors="0" timestamp="2023-04-17T00:22:08" hostname="PCDEBIA" time="0.072">
  <properties/>
  <testcase name="Deve simular a entrada de dados do usuÃ¡rio." classname="exercicio14.ConversorDoTempoEmSegundosTest" time="0.041"/>
  <testcase name="Deve calcular os segundos restantes que nÃ£o formam um minuto completo." classname="exercicio14.ConversorDoTempoEmSegundosTest" time="0.002"/>
  <testcase name="Deve calcular os minutos exibidos na tela apÃ³s a exibiÃ§Ã£o das horas equivalentes." classname="exercicio14.ConversorDoTempoEmSegundosTest" time="0.002"/>
  <testcase name="Deve exibir o resultado inserido pelo usuÃ¡rio." classname="exercicio14.ConversorDoTempoEmSegundosTest" time="0.017"/>
  <testcase name="Deve calcular os segundos inseridos pelo usuÃ¡rio apenas em horas." classname="exercicio14.ConversorDoTempoEmSegundosTest" time="0.001"/>
  <system-out><![CDATA[Digite o tempo em segundos para que este possa ser convertido em horas, minutos e segundos: ]]></system-out>
  <system-err><![CDATA[]]></system-err>
</testsuite>
